TOUCAN
TERMINATOR
TEAL TITAN
SWEETHEART
SUGER BEE
STINGRAY
STAR SHOOTER
SPEEDY TURTLE
SPACE BABE
SILVER BUTTERFLIE
SCORPION
MIND TRI
MIDNIGHT RAIDER
MEAN GREEN ALIEN
MANARCH
FUGITIVE
FLAMING TIGER
FIRE STRIKER
FIGHTING IRISH
AVALANCH
ANTEATER
AMERICAN BABE
0% ANGELS
Winne
Elixir Junio
Legaliz
Savag
The Skyrynner
Shooting Star
The Abusement Par
Chafing the Drea
The Big Ego

--- ROUND NO:1
TOUCAN                           -                       TERMINATOR
TEAL TITAN                       -                       SWEETHEART
SUGER BEE                        -                         STINGRAY
STAR SHOOTER                     -                    SPEEDY TURTLE
SPACE BABE                       -                SILVER BUTTERFLIE
SCORPION                         -                         MIND TRI
MIDNIGHT RAIDER                  -                 MEAN GREEN ALIEN
MANARCH                          -                         FUGITIVE
FLAMING TIGER                    -                     FIRE STRIKER
FIGHTING IRISH                   -                         AVALANCH
ANTEATER                         -                    AMERICAN BABE
0% ANGELS                        -                            Winne
Elixir Junio                     -                          Legaliz
Savag                            -                    The Skyrynner
Shooting Star                    -                The Abusement Par
Chafing the Drea                 -                      The Big Ego

WINNERS OF ROUND NO:1
Chafing the Drea                  -  6.60
The Abusement Par                 -  8.30
The Skyrynner                     -  6.40
Elixir Junio                      -  6.50
Winne                             -  8.20
AMERICAN BABE                     -  7.40
FIGHTING IRISH                    -  7.80
FLAMING TIGER                     -  6.20
FUGITIVE                          -  7.00
MEAN GREEN ALIEN                  -  6.60
MIND TRI                          -  6.90
SILVER BUTTERFLIE                 -  7.00
SPEEDY TURTLE                     -  7.90
STINGRAY                          -  7.10
TEAL TITAN                        -  7.80
TERMINATOR                        -  8.30

--- ROUND NO:2
Chafing the Drea                 -                The Abusement Par
The Skyrynner                    -                     Elixir Junio
Winne                            -                    AMERICAN BABE
FIGHTING IRISH                   -                    FLAMING TIGER
FUGITIVE                         -                 MEAN GREEN ALIEN
MIND TRI                         -                SILVER BUTTERFLIE
SPEEDY TURTLE                    -                         STINGRAY
TEAL TITAN                       -                       TERMINATOR

WINNERS OF ROUND NO:2
TERMINATOR                        -  9.30
SPEEDY TURTLE                     -  8.90
SILVER BUTTERFLIE                 -  8.00
FUGITIVE                          -  8.00
FIGHTING IRISH                    -  8.80
Winne                             -  9.20
Elixir Junio                      -  7.50
The Abusement Par                 -  9.30

--- ROUND NO:3
TERMINATOR                       -                    SPEEDY TURTLE
SILVER BUTTERFLIE                -                         FUGITIVE
FIGHTING IRISH                   -                            Winne
Elixir Junio                     -                The Abusement Par

WINNERS OF ROUND NO:3
The Abusement Par                 -  10.30
Winne                             -  10.20
FUGITIVE                          -  9.00
TERMINATOR                        -  10.30

--- ROUND NO:4
The Abusement Par                -                            Winne
FUGITIVE                         -                       TERMINATOR

WINNERS OF ROUND NO:4
TERMINATOR                        -  11.30
The Abusement Par                 -  11.30

--- ROUND NO:5
TERMINATOR                       -                The Abusement Par

WINNERS OF ROUND NO:5
The Abusement Par                 -  12.30

TOP 8 TEAMS:
The Abusement Par               -  9.30
TERMINATOR                      -  9.30
Winne                           -  9.20
SPEEDY TURTLE                   -  8.90
FIGHTING IRISH                  -  8.80
SILVER BUTTERFLIE               -  8.00
FUGITIVE                        -  8.00
Elixir Junio                    -  7.50